<?xml version="1.0" encoding="UTF-8"?>
<!-- Generated by org.testng.reporters.JUnitReportReporter -->
<testsuite skipped="0" hostname="2015080004-3WVP" name="Checkmypage_PC.Checkmypage_PC.Mypage_Review" tests="1" failures="0" timestamp="12 3ì›” 2019 06:03:18 GMT" time="4.444" errors="0">
  <testcase name="Mypage_Rcoupon" time="4.444" classname="Checkmypage_PC.Checkmypage_PC.Mypage_Review"/>
</testsuite> <!-- Checkmypage_PC.Checkmypage_PC.Mypage_Review -->
