<?xml version="1.0" encoding="UTF-8"?>
<!-- Generated by org.testng.reporters.JUnitReportReporter -->
<testsuite skipped="0" hostname="2015080004-3WVP" name="Checkmypage_PC.Checkmypage_PC.MypageNuseticket" tests="1" failures="0" timestamp="12 3ì›” 2019 08:53:52 GMT" time="3.705" errors="0">
  <testcase name="Mypage_Nuticketapply" time="3.705" classname="Checkmypage_PC.Checkmypage_PC.MypageNuseticket"/>
</testsuite> <!-- Checkmypage_PC.Checkmypage_PC.MypageNuseticket -->
