<?xml version="1.0" encoding="UTF-8"?>
<!-- Generated by org.testng.reporters.JUnitReportReporter -->
<testsuite skipped="0" hostname="2015080004-3WVP" name="Checkmypage_PC.Checkmypage_PC.MypageOrderlist" tests="1" failures="0" timestamp="12 3ì›” 2019 08:53:52 GMT" time="5.553" errors="0">
  <testcase name="MypageMain" time="5.553" classname="Checkmypage_PC.Checkmypage_PC.MypageOrderlist"/>
</testsuite> <!-- Checkmypage_PC.Checkmypage_PC.MypageOrderlist -->
