<?xml version="1.0" encoding="UTF-8"?>
<!-- Generated by org.testng.reporters.JUnitReportReporter -->
<testsuite skipped="0" hostname="2015080004-3WVP" name="Checkmypage_PC.Checkmypage_PC.MypageWishlist" tests="1" failures="0" timestamp="12 3ì›” 2019 08:53:52 GMT" time="6.906" errors="0">
  <testcase name="Mypage_ReWish" time="6.906" classname="Checkmypage_PC.Checkmypage_PC.MypageWishlist"/>
</testsuite> <!-- Checkmypage_PC.Checkmypage_PC.MypageWishlist -->
