<?xml version="1.0" encoding="UTF-8"?>
<!-- Generated by org.testng.reporters.JUnitReportReporter -->
<testsuite skipped="0" hostname="2015080004-3WVP" name="Checkmypage_PC.Checkmypage_PC.MypageMmodify" tests="1" failures="0" timestamp="12 3ì›” 2019 08:53:52 GMT" time="5.706" errors="0">
  <testcase name="Mypage_Rcoupon" time="5.706" classname="Checkmypage_PC.Checkmypage_PC.MypageMmodify"/>
</testsuite> <!-- Checkmypage_PC.Checkmypage_PC.MypageMmodify -->
